<?xml version="1.0" encoding="UTF-8"?>
<!-- Generated by org.testng.reporters.JUnitXMLReporter -->
<testsuite ignored="0" hostname="QT-INBG-LT0281" failures="1" tests="2" name="Test" time="16.865" errors="0" timestamp="2022-09-16T15:47:03 IST">
  <testcase classname="tsngop.optst" name="Order" time="10.019">
    <failure type="java.util.NoSuchElementException">
      <![CDATA[java.util.NoSuchElementException
at java.base/java.util.LinkedHashMap$LinkedHashIterator.nextNode(LinkedHashMap.java:721)
at java.base/java.util.LinkedHashMap$LinkedKeyIterator.next(LinkedHashMap.java:741)
at tsngop.optst.Order(optst.java:47)
at java.base/java.util.ArrayList.forEach(ArrayList.java:1541)
... Removed 27 stack frames]]>
    </failure>
  </testcase> <!-- Order -->
  <testcase classname="tsngop.optst" name="prg" time="6.784"/>
</testsuite> <!-- Test -->
